<?xml version="1.0" encoding="UTF-8"?>
<!-- Generated by org.testng.reporters.JUnitReportReporter -->
<testsuite hostname="DESKTOP-1JNDGSA" failures="0" tests="1" name="practice1.Maven3.Table" time="21.717" errors="0" timestamp="2023-10-05T13:35:08 IST" skipped="0">
  <testcase classname="practice1.Maven3.Table" name="upload" time="21.717"/>
  <system-out/>
</testsuite> <!-- practice1.Maven3.Table -->
