<?xml version="1.0" encoding="UTF-8"?>
<!-- Generated by org.testng.reporters.JUnitReportReporter -->
<testsuite hostname="DESKTOP-1JNDGSA" failures="0" tests="2" name="practice1.Maven3.Drag" time="150.401" errors="0" timestamp="2023-10-09T11:51:15 IST" skipped="0">
  <testcase classname="practice1.Maven3.Drag" name="drop" time="68.666"/>
  <system-out/>
  <testcase classname="practice1.Maven3.Drag" name="tooltip" time="81.735"/>
  <system-out/>
</testsuite> <!-- practice1.Maven3.Drag -->
