<?xml version="1.0" encoding="UTF-8"?>
<!-- Generated by org.testng.reporters.JUnitReportReporter -->
<testsuite hostname="DESKTOP-1JNDGSA" failures="0" tests="1" name="practice1.Maven3.Upload" time="38.199" errors="0" timestamp="2023-10-09T11:51:15 IST" skipped="0">
  <testcase classname="practice1.Maven3.Upload" name="check" time="38.199"/>
  <system-out/>
</testsuite> <!-- practice1.Maven3.Upload -->
