<?xml version="1.0" encoding="UTF-8"?>
<!-- Generated by org.testng.reporters.JUnitReportReporter -->
<testsuite hostname="DESKTOP-1JNDGSA" failures="0" tests="1" name="practice1.Maven3.Launchtest" time="21.122" errors="0" timestamp="2023-10-01T12:37:25 IST" skipped="0">
  <testcase classname="practice1.Maven3.Launchtest" name="search" time="21.122"/>
  <system-out/>
</testsuite> <!-- practice1.Maven3.Launchtest -->
