<?xml version="1.0" encoding="UTF-8"?>
<!-- Generated by org.testng.reporters.JUnitReportReporter -->
<testsuite hostname="DESKTOP-1JNDGSA" failures="0" tests="1" name="practice1.Maven3.Upload" time="67.178" errors="0" timestamp="2023-10-09T14:20:57 IST" skipped="0">
  <testcase classname="practice1.Maven3.Upload" name="check" time="67.178"/>
  <system-out/>
</testsuite> <!-- practice1.Maven3.Upload -->
